# JRE version: Java(TM) SE Runtime Environment 18.9 (11.0.16+11) (build 11.0.16+11-LTS-199)
# Java VM: Java HotSpot(TM) 64-Bit Server VM 18.9 (11.0.16+11-LTS-199, mixed mode, tiered, compressed oops, g1 gc, windows-amd64)
Heap:
 garbage-first heap   total 131072K, used 19318K [0x0000000081e00000, 0x0000000100000000)
  region size 1024K, 13 young (13312K), 5 survivors (5120K)
 Metaspace       used 27034K, capacity 27573K, committed 27648K, reserved 1073152K
  class space    used 3103K, capacity 3315K, committed 3328K, reserved 1048576K
GC Heap History (6 events):
Event: 1.359 GC heap before
{Heap before GC invocations=0 (full 0):
 garbage-first heap   total 131072K, used 24576K [0x0000000081e00000, 0x0000000100000000)
  region size 1024K, 24 young (24576K), 0 survivors (0K)
 Metaspace       used 10701K, capacity 10901K, committed 11136K, reserved 1058816K
  class space    used 1026K, capacity 1098K, committed 1152K, reserved 1048576K
}
Event: 1.366 GC heap after
{Heap after GC invocations=1 (full 0):
 garbage-first heap   total 131072K, used 7745K [0x0000000081e00000, 0x0000000100000000)
  region size 1024K, 3 young (3072K), 3 survivors (3072K)
 Metaspace       used 10701K, capacity 10901K, committed 11136K, reserved 1058816K
  class space    used 1026K, capacity 1098K, committed 1152K, reserved 1048576K
}
Event: 2.243 GC heap before
{Heap before GC invocations=1 (full 0):
 garbage-first heap   total 131072K, used 57921K [0x0000000081e00000, 0x0000000100000000)
  region size 1024K, 54 young (55296K), 3 survivors (3072K)
 Metaspace       used 20695K, capacity 21095K, committed 21248K, reserved 1069056K
  class space    used 2400K, capacity 2556K, committed 2560K, reserved 1048576K
}
Event: 2.254 GC heap after
{Heap after GC invocations=2 (full 0):
 garbage-first heap   total 131072K, used 10341K [0x0000000081e00000, 0x0000000100000000)
  region size 1024K, 6 young (6144K), 6 survivors (6144K)
 Metaspace       used 20695K, capacity 21095K, committed 21248K, reserved 1069056K
  class space    used 2400K, capacity 2556K, committed 2560K, reserved 1048576K
}
Event: 2.891 GC heap before
{Heap before GC invocations=3 (full 0):
 garbage-first heap   total 131072K, used 49253K [0x0000000081e00000, 0x0000000100000000)
  region size 1024K, 45 young (46080K), 6 survivors (6144K)
 Metaspace       used 26512K, capacity 27075K, committed 27136K, reserved 1073152K
  class space    used 3060K, capacity 3278K, committed 3328K, reserved 1048576K
}
Event: 2.899 GC heap after
{Heap after GC invocations=4 (full 0):
 garbage-first heap   total 131072K, used 12150K [0x0000000081e00000, 0x0000000100000000)
  region size 1024K, 5 young (5120K), 5 survivors (5120K)
 Metaspace       used 26512K, capacity 27075K, committed 27136K, reserved 1073152K
  class space    used 3060K, capacity 3278K, committed 3328K, reserved 1048576K
}

