# JRE version: Java(TM) SE Runtime Environment 18.9 (11.0.16+11) (build 11.0.16+11-LTS-199)
# Java VM: Java HotSpot(TM) 64-Bit Server VM 18.9 (11.0.16+11-LTS-199, mixed mode, tiered, compressed oops, g1 gc, windows-amd64)
Heap:
 garbage-first heap   total 157696K, used 66223K [0x0000000081e00000, 0x0000000100000000)
  region size 1024K, 29 young (29696K), 9 survivors (9216K)
 Metaspace       used 71098K, capacity 72778K, committed 72876K, reserved 1112064K
  class space    used 8990K, capacity 9649K, committed 9728K, reserved 1048576K
GC Heap History (10 events):
Event: 10.017 GC heap before
{Heap before GC invocations=8 (full 0):
 garbage-first heap   total 157696K, used 100858K [0x0000000081e00000, 0x0000000100000000)
  region size 1024K, 76 young (77824K), 9 survivors (9216K)
 Metaspace       used 47362K, capacity 48527K, committed 48812K, reserved 1091584K
  class space    used 5625K, capacity 6095K, committed 6144K, reserved 1048576K
}
Event: 10.033 GC heap after
{Heap after GC invocations=9 (full 0):
 garbage-first heap   total 157696K, used 36032K [0x0000000081e00000, 0x0000000100000000)
  region size 1024K, 5 young (5120K), 5 survivors (5120K)
 Metaspace       used 47362K, capacity 48527K, committed 48812K, reserved 1091584K
  class space    used 5625K, capacity 6095K, committed 6144K, reserved 1048576K
}
Event: 12.296 GC heap before
{Heap before GC invocations=9 (full 0):
 garbage-first heap   total 157696K, used 104640K [0x0000000081e00000, 0x0000000100000000)
  region size 1024K, 73 young (74752K), 5 survivors (5120K)
 Metaspace       used 58436K, capacity 59653K, committed 59692K, reserved 1101824K
  class space    used 7297K, capacity 7803K, committed 7808K, reserved 1048576K
}
Event: 12.308 GC heap after
{Heap after GC invocations=10 (full 0):
 garbage-first heap   total 157696K, used 39346K [0x0000000081e00000, 0x0000000100000000)
  region size 1024K, 8 young (8192K), 8 survivors (8192K)
 Metaspace       used 58436K, capacity 59653K, committed 59692K, reserved 1101824K
  class space    used 7297K, capacity 7803K, committed 7808K, reserved 1048576K
}
Event: 14.191 GC heap before
{Heap before GC invocations=11 (full 0):
 garbage-first heap   total 157696K, used 108978K [0x0000000081e00000, 0x0000000100000000)
  region size 1024K, 76 young (77824K), 8 survivors (8192K)
 Metaspace       used 63281K, capacity 64552K, committed 64812K, reserved 1105920K
  class space    used 8022K, capacity 8505K, committed 8576K, reserved 1048576K
}
Event: 14.203 GC heap after
{Heap after GC invocations=12 (full 0):
 garbage-first heap   total 157696K, used 40597K [0x0000000081e00000, 0x0000000100000000)
  region size 1024K, 6 young (6144K), 6 survivors (6144K)
 Metaspace       used 63281K, capacity 64552K, committed 64812K, reserved 1105920K
  class space    used 8022K, capacity 8505K, committed 8576K, reserved 1048576K
}
Event: 15.682 GC heap before
{Heap before GC invocations=12 (full 0):
 garbage-first heap   total 157696K, used 112277K [0x0000000081e00000, 0x0000000100000000)
  region size 1024K, 76 young (77824K), 6 survivors (6144K)
 Metaspace       used 67052K, capacity 68420K, committed 68652K, reserved 1110016K
  class space    used 8443K, capacity 8989K, committed 9088K, reserved 1048576K
}
Event: 15.693 GC heap after
{Heap after GC invocations=13 (full 0):
 garbage-first heap   total 157696K, used 42614K [0x0000000081e00000, 0x0000000100000000)
  region size 1024K, 8 young (8192K), 8 survivors (8192K)
 Metaspace       used 67052K, capacity 68420K, committed 68652K, reserved 1110016K
  class space    used 8443K, capacity 8989K, committed 9088K, reserved 1048576K
}
Event: 17.155 GC heap before
{Heap before GC invocations=13 (full 0):
 garbage-first heap   total 157696K, used 116342K [0x0000000081e00000, 0x0000000100000000)
  region size 1024K, 80 young (81920K), 8 survivors (8192K)
 Metaspace       used 70847K, capacity 72517K, committed 72748K, reserved 1112064K
  class space    used 8950K, capacity 9580K, committed 9600K, reserved 1048576K
}
Event: 17.171 GC heap after
{Heap after GC invocations=14 (full 0):
 garbage-first heap   total 157696K, used 46767K [0x0000000081e00000, 0x0000000100000000)
  region size 1024K, 9 young (9216K), 9 survivors (9216K)
 Metaspace       used 70847K, capacity 72517K, committed 72748K, reserved 1112064K
  class space    used 8950K, capacity 9580K, committed 9600K, reserved 1048576K
}

